<?xml version="1.0" encoding="UTF-8"?>
<!-- Generated by org.testng.reporters.JUnitReportReporter -->
<testsuite hostname="LENOVO-PC" name="TestNGFramework.SampleTC" tests="3" failures="0" timestamp="15 Jul 2019 02:08:17 GMT" time="0.056" errors="0">
  <testcase name="logout" time="0.012" classname="TestNGFramework.SampleTC"/>
  <testcase name="sendreport" time="0.013" classname="TestNGFramework.SampleTC"/>
  <testcase name="login" time="0.031" classname="TestNGFramework.SampleTC"/>
</testsuite> <!-- TestNGFramework.SampleTC -->
