<?xml version="1.0" encoding="UTF-8"?>
<!-- Generated by org.testng.reporters.JUnitReportReporter -->
<testsuite hostname="LENOVO-PC" name="TestNGFramework.WorkingwithWebtable" tests="1" failures="0" timestamp="17 Jul 2019 02:03:21 GMT" time="17.074" errors="0">
  <testcase name="data" time="17.074" classname="TestNGFramework.WorkingwithWebtable"/>
</testsuite> <!-- TestNGFramework.WorkingwithWebtable -->
