<?xml version="1.0" encoding="UTF-8"?>
<!-- Generated by org.testng.reporters.JUnitReportReporter -->
<testsuite hostname="LENOVO-PC" name="TestNGFramework.Workingwithframes" tests="1" failures="0" timestamp="17 Jul 2019 02:27:32 GMT" time="0.906" errors="0">
  <testcase name="data" time="0.906" classname="TestNGFramework.Workingwithframes"/>
</testsuite> <!-- TestNGFramework.Workingwithframes -->
