<?xml version="1.0" encoding="UTF-8"?>
<!-- Generated by org.testng.reporters.JUnitReportReporter -->
<testsuite hostname="LENOVO-PC" name="TestNGFramework.AdvancedUserIntractions" tests="1" failures="0" timestamp="18 Jul 2019 02:44:08 GMT" time="3.862" errors="0">
  <testcase name="data" time="3.862" classname="TestNGFramework.AdvancedUserIntractions"/>
</testsuite> <!-- TestNGFramework.AdvancedUserIntractions -->
